<?xml version="1.0" encoding="UTF-8" standalone="no"?>
<testsuite failures="0" name="cucumber.runtime.formatter.JUnitFormatter" skipped="0" tests="1" time="16.425005">
<testcase classname="Login the application" name="Login to default homepage" time="16.425005">
<system-out><![CDATA[Given Validate the Browser..................................................passed
When The browser is triggered...............................................passed
Then Check if the browser has triggered and closed..........................passed
Given User is on login page.................................................passed
When User logging in to the application with user@phptravels.com and demouser.passed
Then Landing in the Home page...............................................passed
And Logging to application is validated.....................................passed
]]></system-out>
</testcase>
</testsuite>
